<?xml version="1.0" encoding="utf-8"?><testsuites name="pytest tests"><testsuite name="pytest" errors="0" failures="0" skipped="0" tests="14" time="0.419" timestamp="2025-12-17T16:28:32.608187+00:00" hostname="ee45613c0045"><testcase classname="tests.test_config_flow" name="test_show_form" time="0.094" /><testcase classname="tests.test_config_flow" name="test_create_entry" time="0.022" /><testcase classname="tests.test_sensor" name="test_sensor_state_and_unique_id[instantaneousActivePowerImport-987]" time="0.032" /><testcase classname="tests.test_sensor" name="test_sensor_state_and_unique_id[activeEnergyImport-12340]" time="0.027" /><testcase classname="tests.test_sensor" name="test_sensor_state_and_unique_id[activeEnergyExport-5450]" time="0.027" /><testcase classname="tests.test_sensor" name="test_sensor_state_and_unique_id[voltageL1-230.5]" time="0.026" /><testcase classname="tests.test_sensor" name="test_total_increasing_prevents_decreasing_values" time="0.027" /><testcase classname="tests.test_sensor" name="test_measurement_sensors_allow_any_values" time="0.026" /><testcase classname="tests.test_webhook" name="test_webhook_creates_and_updates_sensors[payload0]" time="0.020" /><testcase classname="tests.test_webhook" name="test_webhook_creates_and_updates_sensors[payload1]" time="0.018" /><testcase classname="tests.test_webhook" name="test_webhook_creates_and_updates_sensors[payload2]" time="0.021" /><testcase classname="tests.test_webhook" name="test_webhook_missing_cpe_returns_400" time="0.018" /><testcase classname="tests.test_webhook" name="test_webhook_invalid_json_returns_400" time="0.018" /><testcase classname="tests.test_webhook" name="test_webhook_ignores_unknown_fields" time="0.018" /></testsuite></testsuites>